[3068:2408:0404/140917:VERBOSE1:crash_service_main.cc(68)] Session start. cmdline is [--reporter-url=http://54.249.141.255:1127/post --application-name=Atom --v=1]
[3068:2408:0404/140917:VERBOSE1:crash_service.cc(142)] window handle is 003D0A28
[3068:2408:0404/140917:VERBOSE1:crash_service.cc(290)] pipe name is \\.\pipe\Atom Crash Service
dumps at C:\cygwin64\tmp\Atom Crashes
[3068:2408:0404/140917:VERBOSE1:crash_service.cc(294)] checkpoint is C:\cygwin64\tmp\Atom Crashes\crash_checkpoint.txt
server is http://54.249.141.255:1127/post
maximum 128 reports/day
reporter is electron-crash-service
[3068:2408:0404/140917:VERBOSE1:crash_service_main.cc(84)] Ready to process crash requests
[3068:10992:0404/140917:VERBOSE1:crash_service.cc(323)] client start. pid = 13156
[3068:10992:0404/140918:VERBOSE1:crash_service.cc(323)] client start. pid = 10728
[1112:12864:0404/140918:VERBOSE1:crash_service_main.cc(68)] Session start. cmdline is [--reporter-url=http://54.249.141.255:1127/post --application-name=Atom --v=1]
[1112:12864:0404/140918:VERBOSE1:crash_service.cc(142)] window handle is 00650414
[1112:12864:0404/140918:VERBOSE1:crash_service.cc(290)] pipe name is \\.\pipe\Atom Crash Service
dumps at C:\cygwin64\tmp\Atom Crashes
[1112:12864:0404/140918:VERBOSE1:crash_service.cc(294)] checkpoint is C:\cygwin64\tmp\Atom Crashes\crash_checkpoint.txt
server is http://54.249.141.255:1127/post
maximum 128 reports/day
reporter is electron-crash-service
[1112:12864:0404/140918:ERROR:crash_service.cc(301)] could not start dumper
[3068:8788:0404/142520:VERBOSE1:crash_service.cc(331)] client end. pid = 10728
[3068:8788:0404/142520:VERBOSE1:crash_service.cc(331)] client end. pid = 13156
[3068:8788:0404/142521:VERBOSE1:crash_service.cc(352)] zero clients. exiting
[3068:2408:0404/142521:VERBOSE1:crash_service.cc(490)] session ending..
[3068:2408:0404/142521:VERBOSE1:crash_service.cc(495)] clients connected :2
clients terminated :2
dumps serviced :0
dumps reported :0
[3068:2408:0404/142521:VERBOSE1:crash_service_main.cc(89)] Session end. return code is 0
[12204:11180:0404/154916:VERBOSE1:crash_service_main.cc(68)] Session start. cmdline is [--reporter-url=http://54.249.141.255:1127/post --application-name=Atom --v=1]
[12204:11180:0404/154916:VERBOSE1:crash_service.cc(142)] window handle is 00280BE8
[12204:11180:0404/154916:VERBOSE1:crash_service.cc(290)] pipe name is \\.\pipe\Atom Crash Service
dumps at C:\cygwin64\tmp\Atom Crashes
[12204:11180:0404/154916:VERBOSE1:crash_service.cc(294)] checkpoint is C:\cygwin64\tmp\Atom Crashes\crash_checkpoint.txt
server is http://54.249.141.255:1127/post
maximum 128 reports/day
reporter is electron-crash-service
[12204:11180:0404/154916:VERBOSE1:crash_service_main.cc(84)] Ready to process crash requests
[12204:12704:0404/154916:VERBOSE1:crash_service.cc(323)] client start. pid = 12404
[12204:12704:0404/154916:VERBOSE1:crash_service.cc(323)] client start. pid = 9476
[9624:12896:0404/154916:VERBOSE1:crash_service_main.cc(68)] Session start. cmdline is [--reporter-url=http://54.249.141.255:1127/post --application-name=Atom --v=1]
[9624:12896:0404/154916:VERBOSE1:crash_service.cc(142)] window handle is 00280F2E
[9624:12896:0404/154916:VERBOSE1:crash_service.cc(290)] pipe name is \\.\pipe\Atom Crash Service
dumps at C:\cygwin64\tmp\Atom Crashes
[9624:12896:0404/154916:VERBOSE1:crash_service.cc(294)] checkpoint is C:\cygwin64\tmp\Atom Crashes\crash_checkpoint.txt
server is http://54.249.141.255:1127/post
maximum 128 reports/day
reporter is electron-crash-service
[9624:12896:0404/154916:ERROR:crash_service.cc(301)] could not start dumper
[12204:5536:0404/192821:VERBOSE1:crash_service.cc(331)] client end. pid = 9476
[12204:5536:0404/192821:VERBOSE1:crash_service.cc(331)] client end. pid = 12404
[12204:5536:0404/192822:VERBOSE1:crash_service.cc(352)] zero clients. exiting
[12204:11180:0404/192822:VERBOSE1:crash_service.cc(490)] session ending..
[12204:11180:0404/192822:VERBOSE1:crash_service.cc(495)] clients connected :2
clients terminated :2
dumps serviced :0
dumps reported :0
[12204:11180:0404/192822:VERBOSE1:crash_service_main.cc(89)] Session end. return code is 0
[10336:11924:0404/193103:VERBOSE1:crash_service_main.cc(68)] Session start. cmdline is [--reporter-url=http://54.249.141.255:1127/post --application-name=Atom --v=1]
[10336:11924:0404/193103:VERBOSE1:crash_service.cc(142)] window handle is 00750C50
[10336:11924:0404/193103:VERBOSE1:crash_service.cc(290)] pipe name is \\.\pipe\Atom Crash Service
dumps at C:\cygwin64\tmp\Atom Crashes
[10336:11924:0404/193103:VERBOSE1:crash_service.cc(294)] checkpoint is C:\cygwin64\tmp\Atom Crashes\crash_checkpoint.txt
server is http://54.249.141.255:1127/post
maximum 128 reports/day
reporter is electron-crash-service
[10336:11924:0404/193103:VERBOSE1:crash_service_main.cc(84)] Ready to process crash requests
[10336:8604:0404/193103:VERBOSE1:crash_service.cc(323)] client start. pid = 11064
[10336:8604:0404/193103:VERBOSE1:crash_service.cc(323)] client start. pid = 9224
[2864:7404:0404/193103:VERBOSE1:crash_service_main.cc(68)] Session start. cmdline is [--reporter-url=http://54.249.141.255:1127/post --application-name=Atom --v=1]
[2864:7404:0404/193103:VERBOSE1:crash_service.cc(142)] window handle is 005B0E9A
[2864:7404:0404/193103:VERBOSE1:crash_service.cc(290)] pipe name is \\.\pipe\Atom Crash Service
dumps at C:\cygwin64\tmp\Atom Crashes
[2864:7404:0404/193103:VERBOSE1:crash_service.cc(294)] checkpoint is C:\cygwin64\tmp\Atom Crashes\crash_checkpoint.txt
server is http://54.249.141.255:1127/post
maximum 128 reports/day
reporter is electron-crash-service
[2864:7404:0404/193103:ERROR:crash_service.cc(301)] could not start dumper
